<?xml version="1.0" encoding="UTF-8"?>
<!-- Generated by org.testng.reporters.JUnitReportReporter -->
<testsuite skipped="0" hostname="DESKTOP-DCN8BQG" name="com.qa.hubspot.testpages.HomePageTest$LoginPageTest" tests="2" failures="0" timestamp="19 Sep 2020 12:52:19 GMT" time="0.157" errors="0">
  <testcase name="VerifyLoginPageTitle" time="0.026" classname="com.qa.hubspot.testpages.HomePageTest$LoginPageTest"/>
  <testcase name="Verifyheaderpresent" time="0.131" classname="com.qa.hubspot.testpages.HomePageTest$LoginPageTest"/>
</testsuite> <!-- com.qa.hubspot.testpages.HomePageTest$LoginPageTest -->
